Using pre-set license
Built from '2020.3/staging' branch; Version is '2020.3.6f1 (338bb68529b2) revision 3378102'; Using compiler version '192528614'; Build Type 'Release'
OS: 'Windows 10 Pro; OS build 19042.1052; Version 2009; 64bit' Language: 'pt' Physical Memory: 32606 MB
BatchMode: 1, IsHumanControllingUs: 0, StartBugReporterOnCrash: 0, Is64bit: 1, IsPro: 0

 COMMAND LINE ARGUMENTS:
C:\Program Files\Unity\Hub\Editor\2020.3.6f1\Editor\Unity.exe
-adb2
-batchMode
-noUpm
-name
AssetImportWorker0
-projectPath
C:/UEA-EST/Projetos/_Experimentos/tutorial-roguelike-Unity
-logFile
Logs/AssetImportWorker0.log
-srvPort
61729
Successfully changed project path to: C:/UEA-EST/Projetos/_Experimentos/tutorial-roguelike-Unity
C:/UEA-EST/Projetos/_Experimentos/tutorial-roguelike-Unity
Using Asset Import Pipeline V2.
Refreshing native plugins compatible for Editor in 35.70 ms, found 1 plugins.
Preloading 0 native plugins for Editor in 0.00 ms.
Initialize engine version: 2020.3.6f1 (338bb68529b2)
[Subsystems] Discovering subsystems at path C:/Program Files/Unity/Hub/Editor/2020.3.6f1/Editor/Data/Resources/UnitySubsystems
[Subsystems] Discovering subsystems at path C:/UEA-EST/Projetos/_Experimentos/tutorial-roguelike-Unity/Assets
GfxDevice: creating device client; threaded=0
Direct3D:
    Version:  Direct3D 11.0 [level 11.1]
    Renderer: NVIDIA GeForce GTX 1650 Ti (ID=0x1f95)
    Vendor:   
    VRAM:     3962 MB
    Driver:   27.21.14.6242
Initialize mono
Mono path[0] = 'C:/Program Files/Unity/Hub/Editor/2020.3.6f1/Editor/Data/Managed'
Mono path[1] = 'C:/Program Files/Unity/Hub/Editor/2020.3.6f1/Editor/Data/MonoBleedingEdge/lib/mono/unityjit'
Mono config path = 'C:/Program Files/Unity/Hub/Editor/2020.3.6f1/Editor/Data/MonoBleedingEdge/etc'
Using monoOptions --debugger-agent=transport=dt_socket,embedding=1,server=y,suspend=n,address=127.0.0.1:56140
Begin MonoManager ReloadAssembly
Registering precompiled unity dll's ...
Register platform support module: C:/Program Files/Unity/Hub/Editor/2020.3.6f1/Editor/Data/PlaybackEngines/WindowsStandaloneSupport/UnityEditor.WindowsStandalone.Extensions.dll
Registered in 0.002284 seconds.
Native extension for WindowsStandalone target not found
Refreshing native plugins compatible for Editor in 36.44 ms, found 1 plugins.
Preloading 0 native plugins for Editor in 0.00 ms.
Mono: successfully reloaded assembly
- Completed reload, in  1.865 seconds
Platform modules already initialized, skipping
Registering precompiled user dll's ...
Registered in 0.000903 seconds.
Begin MonoManager ReloadAssembly
Native extension for WindowsStandalone target not found
Refreshing native plugins compatible for Editor in 40.74 ms, found 1 plugins.
Preloading 0 native plugins for Editor in 0.00 ms.
Mono: successfully reloaded assembly
- Completed reload, in  0.932 seconds
Platform modules already initialized, skipping
========================================================================
Worker process is ready to serve import requests
Launched and connected shader compiler UnityShaderCompiler.exe after 0.05 seconds
Refreshing native plugins compatible for Editor in 0.35 ms, found 1 plugins.
Preloading 0 native plugins for Editor in 0.00 ms.
Unloading 2111 Unused Serialized files (Serialized files now loaded: 0)
System memory in use before: 95.8 MB.
System memory in use after: 95.8 MB.

Unloading 22 unused Assets to reduce memory usage. Loaded Objects now: 2559.
Total: 2.219100 ms (FindLiveObjects: 0.213500 ms CreateObjectMapping: 0.108900 ms MarkObjects: 1.827600 ms  DeleteObjects: 0.068200 ms)

========================================================================
Received Import Request.
  path: Assets/Sprites/Enemies/zombie_n_skeleton2 (1).png
  artifactKey: Guid(0ee7a675e39b23341992553ce73975fb) Importer(815301076,1909f56bfc062723c751e8b465ee728b)
Start importing Assets/Sprites/Enemies/zombie_n_skeleton2 (1).png using Guid(0ee7a675e39b23341992553ce73975fb) Importer(815301076,1909f56bfc062723c751e8b465ee728b)  -> (artifact id: '03a63052ebb048f18cb7e308c8752957') in 0.095005 seconds
  Import took 0.098404 seconds .

========================================================================
Received Import Request.
  Time since last request: 39.349226 seconds.
  path: Assets/Sprites/Enemies/zombie_n_skeleton2 (1).png
  artifactKey: Guid(0ee7a675e39b23341992553ce73975fb) Importer(815301076,1909f56bfc062723c751e8b465ee728b)
Start importing Assets/Sprites/Enemies/zombie_n_skeleton2 (1).png using Guid(0ee7a675e39b23341992553ce73975fb) Importer(815301076,1909f56bfc062723c751e8b465ee728b)  -> (artifact id: 'd68afa13f535a91dd6789fa4d350c72f') in 0.107071 seconds
  Import took 0.110395 seconds .

========================================================================
Received Import Request.
  Time since last request: 43.237568 seconds.
  path: Assets/Sprites/Enemies/zombie_n_skeleton2 (1).png
  artifactKey: Guid(0ee7a675e39b23341992553ce73975fb) Importer(815301076,1909f56bfc062723c751e8b465ee728b)
Start importing Assets/Sprites/Enemies/zombie_n_skeleton2 (1).png using Guid(0ee7a675e39b23341992553ce73975fb) Importer(815301076,1909f56bfc062723c751e8b465ee728b)  -> (artifact id: '88156656f1f3365f1cf6222360661b04') in 0.081439 seconds
  Import took 0.084671 seconds .

========================================================================
Received Import Request.
  Time since last request: 6.252880 seconds.
  path: Assets/Sprites/Enemies/zombie_n_skeleton2 (1).png
  artifactKey: Guid(0ee7a675e39b23341992553ce73975fb) Importer(815301076,1909f56bfc062723c751e8b465ee728b)
Start importing Assets/Sprites/Enemies/zombie_n_skeleton2 (1).png using Guid(0ee7a675e39b23341992553ce73975fb) Importer(815301076,1909f56bfc062723c751e8b465ee728b)  -> (artifact id: 'c79837dbff704d2607a528154b336016') in 0.076710 seconds
  Import took 0.080404 seconds .

========================================================================
Received Import Request.
  Time since last request: 13.732439 seconds.
  path: Assets/Sprites/Enemies/zombie_n_skeleton2 (1).png
  artifactKey: Guid(0ee7a675e39b23341992553ce73975fb) Importer(815301076,1909f56bfc062723c751e8b465ee728b)
Start importing Assets/Sprites/Enemies/zombie_n_skeleton2 (1).png using Guid(0ee7a675e39b23341992553ce73975fb) Importer(815301076,1909f56bfc062723c751e8b465ee728b)  -> (artifact id: '193aa63e12412772c95489c060904c73') in 0.072508 seconds
  Import took 0.075978 seconds .

========================================================================
Received Import Request.
  Time since last request: 52.860723 seconds.
  path: Assets/Scripts/Enemy
  artifactKey: Guid(187fd1ba067388c40beb9c4c0002f5d1) Importer(815301076,1909f56bfc062723c751e8b465ee728b)
Start importing Assets/Scripts/Enemy using Guid(187fd1ba067388c40beb9c4c0002f5d1) Importer(815301076,1909f56bfc062723c751e8b465ee728b)  -> (artifact id: '450d67822bd661a2ccf1267ac0fccc56') in 0.001884 seconds
  Import took 0.005619 seconds .

========================================================================
Received Import Request.
  Time since last request: 20.332479 seconds.
  path: Assets/Scripts/Enemy/Enemy.cs
  artifactKey: Guid(0b66d87ef9fcf9740bd21fa994911825) Importer(815301076,1909f56bfc062723c751e8b465ee728b)
Start importing Assets/Scripts/Enemy/Enemy.cs using Guid(0b66d87ef9fcf9740bd21fa994911825) Importer(815301076,1909f56bfc062723c751e8b465ee728b)  -> (artifact id: '27394c694f33a2dfdc8ff74e9bb87869') in 0.032356 seconds
  Import took 0.037115 seconds .

========================================================================
Received Import Request.
  Time since last request: 0.000626 seconds.
  path: Assets/Scripts/Enemy/Enemy.cs
  artifactKey: Guid(0b66d87ef9fcf9740bd21fa994911825) Importer(815301076,1909f56bfc062723c751e8b465ee728b)
Start importing Assets/Scripts/Enemy/Enemy.cs using Guid(0b66d87ef9fcf9740bd21fa994911825) Importer(815301076,1909f56bfc062723c751e8b465ee728b)  -> (artifact id: '27394c694f33a2dfdc8ff74e9bb87869') in 0.002179 seconds
  Import took 0.006509 seconds .

========================================================================
Received Prepare
Registering precompiled user dll's ...
Registered in 0.000802 seconds.
Begin MonoManager ReloadAssembly
Native extension for WindowsStandalone target not found
Refreshing native plugins compatible for Editor in 0.49 ms, found 1 plugins.
Preloading 0 native plugins for Editor in 0.00 ms.
Mono: successfully reloaded assembly
- Completed reload, in  0.929 seconds
Platform modules already initialized, skipping
Refreshing native plugins compatible for Editor in 0.42 ms, found 1 plugins.
Preloading 0 native plugins for Editor in 0.00 ms.
Unloading 2103 Unused Serialized files (Serialized files now loaded: 0)
System memory in use before: 98.5 MB.
System memory in use after: 98.6 MB.

Unloading 8 unused Assets to reduce memory usage. Loaded Objects now: 2571.
Total: 2.197600 ms (FindLiveObjects: 0.411400 ms CreateObjectMapping: 0.096300 ms MarkObjects: 1.643600 ms  DeleteObjects: 0.044900 ms)

========================================================================
Received Prepare
Registering precompiled user dll's ...
Registered in 0.000988 seconds.
Begin MonoManager ReloadAssembly
Native extension for WindowsStandalone target not found
Refreshing native plugins compatible for Editor in 0.39 ms, found 1 plugins.
Preloading 0 native plugins for Editor in 0.00 ms.
Mono: successfully reloaded assembly
- Completed reload, in  0.838 seconds
Platform modules already initialized, skipping
Refreshing native plugins compatible for Editor in 0.70 ms, found 1 plugins.
Preloading 0 native plugins for Editor in 0.00 ms.
Unloading 2103 Unused Serialized files (Serialized files now loaded: 0)
System memory in use before: 98.5 MB.
System memory in use after: 98.6 MB.

Unloading 8 unused Assets to reduce memory usage. Loaded Objects now: 2575.
Total: 2.408300 ms (FindLiveObjects: 0.309900 ms CreateObjectMapping: 0.136900 ms MarkObjects: 1.888900 ms  DeleteObjects: 0.071700 ms)

========================================================================
Received Import Request.
  Time since last request: 365.361963 seconds.
  path: Assets/Scripts/Enemy/Enemy.cs
  artifactKey: Guid(0b66d87ef9fcf9740bd21fa994911825) Importer(815301076,1909f56bfc062723c751e8b465ee728b)
Start importing Assets/Scripts/Enemy/Enemy.cs using Guid(0b66d87ef9fcf9740bd21fa994911825) Importer(815301076,1909f56bfc062723c751e8b465ee728b)  -> (artifact id: '0620226cd4211ef95dc776cdaa39fb97') in 0.005012 seconds
  Import took 0.008194 seconds .

========================================================================
Received Import Request.
  Time since last request: 0.799893 seconds.
  path: Assets/Scripts/Player/Player.cs
  artifactKey: Guid(d0536fa8b68c02940a9bc3822a39ac49) Importer(815301076,1909f56bfc062723c751e8b465ee728b)
Start importing Assets/Scripts/Player/Player.cs using Guid(d0536fa8b68c02940a9bc3822a39ac49) Importer(815301076,1909f56bfc062723c751e8b465ee728b)  -> (artifact id: '8389410b2c915e6c7a37a7b05f1fde69') in 0.001802 seconds
  Import took 0.004743 seconds .

========================================================================
Received Import Request.
  Time since last request: 1.296416 seconds.
  path: Assets/Scripts/Player/PlayerAnimation.cs
  artifactKey: Guid(c7d6845acf53cca45867fe36f9a3f317) Importer(815301076,1909f56bfc062723c751e8b465ee728b)
Start importing Assets/Scripts/Player/PlayerAnimation.cs using Guid(c7d6845acf53cca45867fe36f9a3f317) Importer(815301076,1909f56bfc062723c751e8b465ee728b)  -> (artifact id: '08794aa776d7e5d0df4a9b82ec6d4eaf') in 0.002076 seconds
  Import took 0.005529 seconds .

========================================================================
Received Import Request.
  Time since last request: 0.022551 seconds.
  path: Assets/Scripts/Player/PlayerAnimation.cs
  artifactKey: Guid(c7d6845acf53cca45867fe36f9a3f317) Importer(815301076,1909f56bfc062723c751e8b465ee728b)
Start importing Assets/Scripts/Player/PlayerAnimation.cs using Guid(c7d6845acf53cca45867fe36f9a3f317) Importer(815301076,1909f56bfc062723c751e8b465ee728b)  -> (artifact id: '08794aa776d7e5d0df4a9b82ec6d4eaf') in 0.002642 seconds
  Import took 0.005845 seconds .

========================================================================
Received Import Request.
  Time since last request: 2.032327 seconds.
  path: Assets/Scripts/Player/PlayerMovement.cs
  artifactKey: Guid(1100c7c74d070784a91c1f54617411e8) Importer(815301076,1909f56bfc062723c751e8b465ee728b)
Start importing Assets/Scripts/Player/PlayerMovement.cs using Guid(1100c7c74d070784a91c1f54617411e8) Importer(815301076,1909f56bfc062723c751e8b465ee728b)  -> (artifact id: '8200fad552ab6f0dff1c7c3f45c2acd4') in 0.002061 seconds
  Import took 0.005365 seconds .

========================================================================
Received Prepare
Registering precompiled user dll's ...
Registered in 0.000965 seconds.
Begin MonoManager ReloadAssembly
Native extension for WindowsStandalone target not found
Refreshing native plugins compatible for Editor in 0.35 ms, found 1 plugins.
Preloading 0 native plugins for Editor in 0.00 ms.
Mono: successfully reloaded assembly
- Completed reload, in  0.823 seconds
Platform modules already initialized, skipping
Refreshing native plugins compatible for Editor in 0.53 ms, found 1 plugins.
Preloading 0 native plugins for Editor in 0.00 ms.
Unloading 2103 Unused Serialized files (Serialized files now loaded: 0)
System memory in use before: 98.5 MB.
System memory in use after: 98.6 MB.

Unloading 8 unused Assets to reduce memory usage. Loaded Objects now: 2579.
Total: 2.014200 ms (FindLiveObjects: 0.205200 ms CreateObjectMapping: 0.098400 ms MarkObjects: 1.657000 ms  DeleteObjects: 0.052100 ms)

========================================================================
Received Import Request.
  Time since last request: 335.346710 seconds.
  path: Assets/Scripts/Enemy/CactusEnemy.cs
  artifactKey: Guid(7e726c86522db12448a06e685a2c33a9) Importer(815301076,1909f56bfc062723c751e8b465ee728b)
Start importing Assets/Scripts/Enemy/CactusEnemy.cs using Guid(7e726c86522db12448a06e685a2c33a9) Importer(815301076,1909f56bfc062723c751e8b465ee728b)  -> (artifact id: 'df3f565bab519b885cc7b88d08c422f3') in 0.006699 seconds
  Import took 0.010722 seconds .

========================================================================
Received Prepare
Registering precompiled user dll's ...
Registered in 0.000926 seconds.
Begin MonoManager ReloadAssembly
Native extension for WindowsStandalone target not found
Refreshing native plugins compatible for Editor in 0.36 ms, found 1 plugins.
Preloading 0 native plugins for Editor in 0.00 ms.
Mono: successfully reloaded assembly
- Completed reload, in  1.011 seconds
Platform modules already initialized, skipping
Refreshing native plugins compatible for Editor in 0.41 ms, found 1 plugins.
Preloading 0 native plugins for Editor in 0.00 ms.
Unloading 2104 Unused Serialized files (Serialized files now loaded: 0)
System memory in use before: 98.6 MB.
System memory in use after: 98.7 MB.

Unloading 8 unused Assets to reduce memory usage. Loaded Objects now: 2584.
Total: 2.463100 ms (FindLiveObjects: 0.300600 ms CreateObjectMapping: 0.127000 ms MarkObjects: 1.936600 ms  DeleteObjects: 0.097900 ms)

========================================================================
Received Prepare
Registering precompiled user dll's ...
Registered in 0.001167 seconds.
Begin MonoManager ReloadAssembly
Native extension for WindowsStandalone target not found
Refreshing native plugins compatible for Editor in 0.33 ms, found 1 plugins.
Preloading 0 native plugins for Editor in 0.00 ms.
Mono: successfully reloaded assembly
- Completed reload, in  0.834 seconds
Platform modules already initialized, skipping
Refreshing native plugins compatible for Editor in 0.67 ms, found 1 plugins.
Preloading 0 native plugins for Editor in 0.00 ms.
Unloading 2104 Unused Serialized files (Serialized files now loaded: 0)
System memory in use before: 98.6 MB.
System memory in use after: 98.7 MB.

Unloading 8 unused Assets to reduce memory usage. Loaded Objects now: 2588.
Total: 2.135100 ms (FindLiveObjects: 0.252000 ms CreateObjectMapping: 0.114300 ms MarkObjects: 1.673900 ms  DeleteObjects: 0.093800 ms)

========================================================================
Received Import Request.
  Time since last request: 231.044502 seconds.
  path: Assets/Scripts/Enemy/CactusEnemy.cs
  artifactKey: Guid(7e726c86522db12448a06e685a2c33a9) Importer(815301076,1909f56bfc062723c751e8b465ee728b)
Start importing Assets/Scripts/Enemy/CactusEnemy.cs using Guid(7e726c86522db12448a06e685a2c33a9) Importer(815301076,1909f56bfc062723c751e8b465ee728b)  -> (artifact id: '7f9800edb7803acc1280bd8e0a6fa799') in 0.004894 seconds
  Import took 0.007885 seconds .

========================================================================
Received Import Request.
  Time since last request: 107.710473 seconds.
  path: Assets/Animations/Enemies
  artifactKey: Guid(ce41e54ec4cf57c47acc532d503b91da) Importer(815301076,1909f56bfc062723c751e8b465ee728b)
Start importing Assets/Animations/Enemies using Guid(ce41e54ec4cf57c47acc532d503b91da) Importer(815301076,1909f56bfc062723c751e8b465ee728b)  -> (artifact id: '7fd504bac251b5d716061f5d30bf2ebf') in 0.002771 seconds
  Import took 0.006627 seconds .

========================================================================
Received Import Request.
  Time since last request: 1.385815 seconds.
  path: Assets/Animations/Enemies/CactusEnemy
  artifactKey: Guid(6a4dee51f16db084a9be83130ef7d636) Importer(815301076,1909f56bfc062723c751e8b465ee728b)
Start importing Assets/Animations/Enemies/CactusEnemy using Guid(6a4dee51f16db084a9be83130ef7d636) Importer(815301076,1909f56bfc062723c751e8b465ee728b)  -> (artifact id: '2973bbe286d2e7c3a0b86484d3d57f58') in 0.002535 seconds
  Import took 0.006129 seconds .

========================================================================
Received Import Request.
  Time since last request: 5.303546 seconds.
  path: Assets/Animations/Enemies/Cactus Enemy
  artifactKey: Guid(6a4dee51f16db084a9be83130ef7d636) Importer(815301076,1909f56bfc062723c751e8b465ee728b)
Start importing Assets/Animations/Enemies/Cactus Enemy using Guid(6a4dee51f16db084a9be83130ef7d636) Importer(815301076,1909f56bfc062723c751e8b465ee728b)  -> (artifact id: 'c09195ddcbc914377ed2cfd637fa4b2b') in 0.002233 seconds
  Import took 0.005376 seconds .

========================================================================
Received Import Request.
  Time since last request: 9.356022 seconds.
  path: Assets/Animations/Enemies/Cactus Enemy/zombie_n_skeleton2 (1)_0.controller
  artifactKey: Guid(9eb709e0a21e8154b9630ce521aac2ca) Importer(815301076,1909f56bfc062723c751e8b465ee728b)
Start importing Assets/Animations/Enemies/Cactus Enemy/zombie_n_skeleton2 (1)_0.controller using Guid(9eb709e0a21e8154b9630ce521aac2ca) Importer(815301076,1909f56bfc062723c751e8b465ee728b)  -> (artifact id: '350e631306ce9d4334c875188de2d23a') in 0.022252 seconds
  Import took 0.025548 seconds .

========================================================================
Received Import Request.
  Time since last request: 67.568874 seconds.
  path: Assets/Animations/Enemies/Cactus Enemy/CactusEnemy.controller
  artifactKey: Guid(9eb709e0a21e8154b9630ce521aac2ca) Importer(815301076,1909f56bfc062723c751e8b465ee728b)
Start importing Assets/Animations/Enemies/Cactus Enemy/CactusEnemy.controller using Guid(9eb709e0a21e8154b9630ce521aac2ca) Importer(815301076,1909f56bfc062723c751e8b465ee728b)  -> (artifact id: 'd674a50ebc4a8f086ba004f6931ea97a') in 0.003019 seconds
  Import took 0.007026 seconds .

========================================================================
Received Import Request.
  Time since last request: 0.791301 seconds.
  path: Assets/Animations/Enemies/Cactus Enemy/CactusEnemy.controller
  artifactKey: Guid(9eb709e0a21e8154b9630ce521aac2ca) Importer(815301076,1909f56bfc062723c751e8b465ee728b)
Start importing Assets/Animations/Enemies/Cactus Enemy/CactusEnemy.controller using Guid(9eb709e0a21e8154b9630ce521aac2ca) Importer(815301076,1909f56bfc062723c751e8b465ee728b)  -> (artifact id: '84a891f7a8bef36d5271ffea99866997') in 0.010109 seconds
  Import took 0.014446 seconds .

========================================================================
Received Prepare
Registering precompiled user dll's ...
Registered in 0.001001 seconds.
Begin MonoManager ReloadAssembly
Native extension for WindowsStandalone target not found
Refreshing native plugins compatible for Editor in 0.35 ms, found 1 plugins.
Preloading 0 native plugins for Editor in 0.00 ms.
Mono: successfully reloaded assembly
- Completed reload, in  0.806 seconds
Platform modules already initialized, skipping
Refreshing native plugins compatible for Editor in 0.40 ms, found 1 plugins.
Preloading 0 native plugins for Editor in 0.00 ms.
Unloading 2104 Unused Serialized files (Serialized files now loaded: 0)
System memory in use before: 98.6 MB.
System memory in use after: 98.7 MB.

Unloading 8 unused Assets to reduce memory usage. Loaded Objects now: 2592.
Total: 3.349800 ms (FindLiveObjects: 0.262200 ms CreateObjectMapping: 0.158000 ms MarkObjects: 2.857900 ms  DeleteObjects: 0.070600 ms)

========================================================================
Received Prepare
Registering precompiled user dll's ...
Registered in 0.001006 seconds.
Begin MonoManager ReloadAssembly
Native extension for WindowsStandalone target not found
Refreshing native plugins compatible for Editor in 0.36 ms, found 1 plugins.
Preloading 0 native plugins for Editor in 0.00 ms.
Mono: successfully reloaded assembly
- Completed reload, in  0.884 seconds
Platform modules already initialized, skipping
Refreshing native plugins compatible for Editor in 0.67 ms, found 1 plugins.
Preloading 0 native plugins for Editor in 0.00 ms.
Unloading 2104 Unused Serialized files (Serialized files now loaded: 0)
System memory in use before: 98.6 MB.
System memory in use after: 98.7 MB.

Unloading 8 unused Assets to reduce memory usage. Loaded Objects now: 2596.
Total: 2.904300 ms (FindLiveObjects: 0.427600 ms CreateObjectMapping: 0.105700 ms MarkObjects: 2.313400 ms  DeleteObjects: 0.056600 ms)

========================================================================
Received Import Request.
  Time since last request: 413.380067 seconds.
  path: Assets/Scripts/Projectile.cs
  artifactKey: Guid(55fb523d854058a4eb57739e0ea22bd9) Importer(815301076,1909f56bfc062723c751e8b465ee728b)
Start importing Assets/Scripts/Projectile.cs using Guid(55fb523d854058a4eb57739e0ea22bd9) Importer(815301076,1909f56bfc062723c751e8b465ee728b)  -> (artifact id: '7bc32c4528566848343ceb48e4c65aec') in 0.005918 seconds
  Import took 0.009408 seconds .

========================================================================
Received Prepare
Registering precompiled user dll's ...
Registered in 0.000931 seconds.
Begin MonoManager ReloadAssembly
Native extension for WindowsStandalone target not found
Refreshing native plugins compatible for Editor in 0.45 ms, found 1 plugins.
Preloading 0 native plugins for Editor in 0.00 ms.
Mono: successfully reloaded assembly
- Completed reload, in  0.861 seconds
Platform modules already initialized, skipping
Refreshing native plugins compatible for Editor in 0.37 ms, found 1 plugins.
Preloading 0 native plugins for Editor in 0.00 ms.
Unloading 2104 Unused Serialized files (Serialized files now loaded: 0)
System memory in use before: 98.6 MB.
System memory in use after: 98.7 MB.

Unloading 8 unused Assets to reduce memory usage. Loaded Objects now: 2600.
Total: 2.811700 ms (FindLiveObjects: 0.244300 ms CreateObjectMapping: 0.113300 ms MarkObjects: 2.366600 ms  DeleteObjects: 0.086600 ms)

========================================================================
Received Import Request.
  Time since last request: 99.491787 seconds.
  path: Assets/Prefabs/Projectile.prefab
  artifactKey: Guid(22deba8468868b14ab2d963367eb4363) Importer(815301076,1909f56bfc062723c751e8b465ee728b)
Start importing Assets/Prefabs/Projectile.prefab using Guid(22deba8468868b14ab2d963367eb4363) Importer(815301076,1909f56bfc062723c751e8b465ee728b)  -> (artifact id: '3f725f31b1fd603a27917c022390849a') in 0.059214 seconds
  Import took 0.062473 seconds .

========================================================================
Received Import Request.
  Time since last request: 10.550536 seconds.
  path: Assets/Prefabs/Projectile.prefab
  artifactKey: Guid(22deba8468868b14ab2d963367eb4363) Importer(815301076,1909f56bfc062723c751e8b465ee728b)
Start importing Assets/Prefabs/Projectile.prefab using Guid(22deba8468868b14ab2d963367eb4363) Importer(815301076,1909f56bfc062723c751e8b465ee728b)  -> (artifact id: '3a047c3dcc66eb726343b7ff82d2721c') in 0.012904 seconds
  Import took 0.017472 seconds .

========================================================================
Received Import Request.
  Time since last request: 0.006780 seconds.
  path: Assets/Prefabs/Projectile.prefab
  artifactKey: Guid(22deba8468868b14ab2d963367eb4363) Importer(815301076,1909f56bfc062723c751e8b465ee728b)
Start importing Assets/Prefabs/Projectile.prefab using Guid(22deba8468868b14ab2d963367eb4363) Importer(815301076,1909f56bfc062723c751e8b465ee728b)  -> (artifact id: '3a047c3dcc66eb726343b7ff82d2721c') in 0.010537 seconds
  Import took 0.013930 seconds .

========================================================================
Received Prepare
Registering precompiled user dll's ...
Registered in 0.000977 seconds.
Begin MonoManager ReloadAssembly
Native extension for WindowsStandalone target not found
Refreshing native plugins compatible for Editor in 0.42 ms, found 1 plugins.
Preloading 0 native plugins for Editor in 0.00 ms.
Mono: successfully reloaded assembly
- Completed reload, in  0.809 seconds
Platform modules already initialized, skipping
Refreshing native plugins compatible for Editor in 0.46 ms, found 1 plugins.
Preloading 0 native plugins for Editor in 0.00 ms.
Unloading 2104 Unused Serialized files (Serialized files now loaded: 0)
System memory in use before: 98.7 MB.
System memory in use after: 98.8 MB.

Unloading 8 unused Assets to reduce memory usage. Loaded Objects now: 2609.
Total: 2.117200 ms (FindLiveObjects: 0.230100 ms CreateObjectMapping: 0.104900 ms MarkObjects: 1.711700 ms  DeleteObjects: 0.069600 ms)

========================================================================
Received Prepare
Registering precompiled user dll's ...
Registered in 0.000916 seconds.
Begin MonoManager ReloadAssembly
Native extension for WindowsStandalone target not found
Refreshing native plugins compatible for Editor in 0.35 ms, found 1 plugins.
Preloading 0 native plugins for Editor in 0.00 ms.
Mono: successfully reloaded assembly
- Completed reload, in  0.893 seconds
Platform modules already initialized, skipping
Refreshing native plugins compatible for Editor in 0.39 ms, found 1 plugins.
Preloading 0 native plugins for Editor in 0.00 ms.
Unloading 2104 Unused Serialized files (Serialized files now loaded: 0)
System memory in use before: 98.7 MB.
System memory in use after: 98.8 MB.

Unloading 8 unused Assets to reduce memory usage. Loaded Objects now: 2613.
Total: 2.989800 ms (FindLiveObjects: 0.372300 ms CreateObjectMapping: 0.109900 ms MarkObjects: 2.424400 ms  DeleteObjects: 0.081900 ms)

========================================================================
Received Prepare
Registering precompiled user dll's ...
Registered in 0.047223 seconds.
Begin MonoManager ReloadAssembly
Native extension for WindowsStandalone target not found
Refreshing native plugins compatible for Editor in 0.46 ms, found 1 plugins.
Preloading 0 native plugins for Editor in 0.00 ms.
Mono: successfully reloaded assembly
- Completed reload, in  1.430 seconds
Platform modules already initialized, skipping
Refreshing native plugins compatible for Editor in 0.42 ms, found 1 plugins.
Preloading 0 native plugins for Editor in 0.00 ms.
Unloading 2104 Unused Serialized files (Serialized files now loaded: 0)
System memory in use before: 98.7 MB.
System memory in use after: 98.8 MB.

Unloading 8 unused Assets to reduce memory usage. Loaded Objects now: 2617.
Total: 2.601100 ms (FindLiveObjects: 0.301800 ms CreateObjectMapping: 0.170200 ms MarkObjects: 2.056000 ms  DeleteObjects: 0.071900 ms)

========================================================================
Received Prepare
Registering precompiled user dll's ...
Registered in 0.001771 seconds.
Begin MonoManager ReloadAssembly
Native extension for WindowsStandalone target not found
Refreshing native plugins compatible for Editor in 0.45 ms, found 1 plugins.
Preloading 0 native plugins for Editor in 0.00 ms.
Mono: successfully reloaded assembly
- Completed reload, in  0.885 seconds
Platform modules already initialized, skipping
Refreshing native plugins compatible for Editor in 0.38 ms, found 1 plugins.
Preloading 0 native plugins for Editor in 0.00 ms.
Unloading 2104 Unused Serialized files (Serialized files now loaded: 0)
System memory in use before: 98.7 MB.
System memory in use after: 98.8 MB.

Unloading 8 unused Assets to reduce memory usage. Loaded Objects now: 2621.
Total: 3.324100 ms (FindLiveObjects: 0.350900 ms CreateObjectMapping: 0.211800 ms MarkObjects: 2.634200 ms  DeleteObjects: 0.125500 ms)

========================================================================
Received Prepare
Registering precompiled user dll's ...
Registered in 0.000925 seconds.
Begin MonoManager ReloadAssembly
Native extension for WindowsStandalone target not found
Refreshing native plugins compatible for Editor in 0.55 ms, found 1 plugins.
Preloading 0 native plugins for Editor in 0.00 ms.
Mono: successfully reloaded assembly
- Completed reload, in  0.833 seconds
Platform modules already initialized, skipping
Refreshing native plugins compatible for Editor in 0.37 ms, found 1 plugins.
Preloading 0 native plugins for Editor in 0.00 ms.
Unloading 2104 Unused Serialized files (Serialized files now loaded: 0)
System memory in use before: 98.7 MB.
System memory in use after: 98.8 MB.

Unloading 8 unused Assets to reduce memory usage. Loaded Objects now: 2625.
Total: 2.248400 ms (FindLiveObjects: 0.248500 ms CreateObjectMapping: 0.088700 ms MarkObjects: 1.858700 ms  DeleteObjects: 0.051500 ms)

========================================================================
Received Prepare
Registering precompiled user dll's ...
Registered in 0.001050 seconds.
Begin MonoManager ReloadAssembly
Native extension for WindowsStandalone target not found
Refreshing native plugins compatible for Editor in 0.34 ms, found 1 plugins.
Preloading 0 native plugins for Editor in 0.00 ms.
Mono: successfully reloaded assembly
- Completed reload, in  0.860 seconds
Platform modules already initialized, skipping
Refreshing native plugins compatible for Editor in 0.40 ms, found 1 plugins.
Preloading 0 native plugins for Editor in 0.00 ms.
Unloading 2104 Unused Serialized files (Serialized files now loaded: 0)
System memory in use before: 98.7 MB.
System memory in use after: 98.8 MB.

Unloading 8 unused Assets to reduce memory usage. Loaded Objects now: 2629.
Total: 2.519500 ms (FindLiveObjects: 0.225900 ms CreateObjectMapping: 0.102700 ms MarkObjects: 2.135800 ms  DeleteObjects: 0.054200 ms)

========================================================================
Received Prepare
Registering precompiled user dll's ...
Registered in 0.001001 seconds.
Begin MonoManager ReloadAssembly
Native extension for WindowsStandalone target not found
Refreshing native plugins compatible for Editor in 0.37 ms, found 1 plugins.
Preloading 0 native plugins for Editor in 0.00 ms.
Mono: successfully reloaded assembly
- Completed reload, in  0.874 seconds
Platform modules already initialized, skipping
Refreshing native plugins compatible for Editor in 0.37 ms, found 1 plugins.
Preloading 0 native plugins for Editor in 0.00 ms.
Unloading 2104 Unused Serialized files (Serialized files now loaded: 0)
System memory in use before: 98.8 MB.
System memory in use after: 98.8 MB.

Unloading 8 unused Assets to reduce memory usage. Loaded Objects now: 2633.
Total: 2.694400 ms (FindLiveObjects: 0.351900 ms CreateObjectMapping: 0.102200 ms MarkObjects: 2.183700 ms  DeleteObjects: 0.055300 ms)

========================================================================
Received Import Request.
  Time since last request: 2693.268156 seconds.
  path: Assets/Scripts/Player/PlayerHealth.cs
  artifactKey: Guid(0cb815fb50bb4c144868ddd4017261af) Importer(815301076,1909f56bfc062723c751e8b465ee728b)
Start importing Assets/Scripts/Player/PlayerHealth.cs using Guid(0cb815fb50bb4c144868ddd4017261af) Importer(815301076,1909f56bfc062723c751e8b465ee728b)  -> (artifact id: 'db47c388af27f596055f7057b9e444b0') in 0.007870 seconds
  Import took 0.013857 seconds .

========================================================================
Received Prepare
Registering precompiled user dll's ...
Registered in 0.001060 seconds.
Begin MonoManager ReloadAssembly
Native extension for WindowsStandalone target not found
Refreshing native plugins compatible for Editor in 0.55 ms, found 1 plugins.
Preloading 0 native plugins for Editor in 0.00 ms.
Mono: successfully reloaded assembly
- Completed reload, in  0.946 seconds
Platform modules already initialized, skipping
Refreshing native plugins compatible for Editor in 0.49 ms, found 1 plugins.
Preloading 0 native plugins for Editor in 0.00 ms.
Unloading 2105 Unused Serialized files (Serialized files now loaded: 0)
System memory in use before: 98.8 MB.
System memory in use after: 98.9 MB.

Unloading 8 unused Assets to reduce memory usage. Loaded Objects now: 2638.
Total: 3.074000 ms (FindLiveObjects: 0.383200 ms CreateObjectMapping: 0.142100 ms MarkObjects: 2.462700 ms  DeleteObjects: 0.084900 ms)

========================================================================
Received Prepare
Registering precompiled user dll's ...
Registered in 0.000971 seconds.
Begin MonoManager ReloadAssembly
Native extension for WindowsStandalone target not found
Refreshing native plugins compatible for Editor in 0.34 ms, found 1 plugins.
Preloading 0 native plugins for Editor in 0.00 ms.
Mono: successfully reloaded assembly
- Completed reload, in  0.827 seconds
Platform modules already initialized, skipping
Refreshing native plugins compatible for Editor in 0.37 ms, found 1 plugins.
Preloading 0 native plugins for Editor in 0.00 ms.
Unloading 2105 Unused Serialized files (Serialized files now loaded: 0)
System memory in use before: 98.8 MB.
System memory in use after: 98.9 MB.

Unloading 8 unused Assets to reduce memory usage. Loaded Objects now: 2642.
Total: 2.268700 ms (FindLiveObjects: 0.299400 ms CreateObjectMapping: 0.091300 ms MarkObjects: 1.828400 ms  DeleteObjects: 0.048700 ms)

========================================================================
Received Import Request.
  Time since last request: 133.379646 seconds.
  path: Assets/Scripts/Player/PlayerHealth.cs
  artifactKey: Guid(0cb815fb50bb4c144868ddd4017261af) Importer(815301076,1909f56bfc062723c751e8b465ee728b)
Start importing Assets/Scripts/Player/PlayerHealth.cs using Guid(0cb815fb50bb4c144868ddd4017261af) Importer(815301076,1909f56bfc062723c751e8b465ee728b)  -> (artifact id: '0fedea2ed1db5909af1b69d8fdda7c92') in 0.004600 seconds
  Import took 0.007561 seconds .

========================================================================
Received Import Request.
  Time since last request: 11.546073 seconds.
  path: Assets/Scripts/Entity.cs
  artifactKey: Guid(a89b941b42b1dd0448a39e54d63ac3f6) Importer(815301076,1909f56bfc062723c751e8b465ee728b)
Start importing Assets/Scripts/Entity.cs using Guid(a89b941b42b1dd0448a39e54d63ac3f6) Importer(815301076,1909f56bfc062723c751e8b465ee728b)  -> (artifact id: 'b7b51753cfeb4e374cb0b37bf84ee309') in 0.002176 seconds
  Import took 0.005575 seconds .

========================================================================
Received Prepare
Registering precompiled user dll's ...
Registered in 0.000930 seconds.
Begin MonoManager ReloadAssembly
Native extension for WindowsStandalone target not found
Refreshing native plugins compatible for Editor in 0.35 ms, found 1 plugins.
Preloading 0 native plugins for Editor in 0.00 ms.
Mono: successfully reloaded assembly
- Completed reload, in  0.898 seconds
Platform modules already initialized, skipping
Refreshing native plugins compatible for Editor in 0.60 ms, found 1 plugins.
Preloading 0 native plugins for Editor in 0.00 ms.
Unloading 2106 Unused Serialized files (Serialized files now loaded: 0)
System memory in use before: 98.8 MB.
System memory in use after: 98.9 MB.

Unloading 8 unused Assets to reduce memory usage. Loaded Objects now: 2647.
Total: 2.412300 ms (FindLiveObjects: 0.287000 ms CreateObjectMapping: 0.106700 ms MarkObjects: 1.940400 ms  DeleteObjects: 0.077300 ms)

========================================================================
Received Import Request.
  Time since last request: 79.137312 seconds.
  path: Assets/Scripts/Entity.cs
  artifactKey: Guid(a89b941b42b1dd0448a39e54d63ac3f6) Importer(815301076,1909f56bfc062723c751e8b465ee728b)
Start importing Assets/Scripts/Entity.cs using Guid(a89b941b42b1dd0448a39e54d63ac3f6) Importer(815301076,1909f56bfc062723c751e8b465ee728b)  -> (artifact id: '3fc8deee38df687211fbde0479484875') in 0.004499 seconds
  Import took 0.008473 seconds .

========================================================================
Received Import Request.
  Time since last request: 135.279720 seconds.
  path: Assets/Scripts/AnimList.cs
  artifactKey: Guid(b021a47bf8e90694ebd229a9f60d1d4f) Importer(815301076,1909f56bfc062723c751e8b465ee728b)
Start importing Assets/Scripts/AnimList.cs using Guid(b021a47bf8e90694ebd229a9f60d1d4f) Importer(815301076,1909f56bfc062723c751e8b465ee728b)  -> (artifact id: 'f2afdffbcaf147524523194598ce9c50') in 0.003274 seconds
  Import took 0.008037 seconds .

========================================================================
Received Import Request.
  Time since last request: 180.759538 seconds.
  path: Assets/Scripts/AnimList.cs
  artifactKey: Guid(b021a47bf8e90694ebd229a9f60d1d4f) Importer(815301076,1909f56bfc062723c751e8b465ee728b)
Start importing Assets/Scripts/AnimList.cs using Guid(b021a47bf8e90694ebd229a9f60d1d4f) Importer(815301076,1909f56bfc062723c751e8b465ee728b)  -> (artifact id: 'daf71111968baac5507d1ded48494ee6') in 0.001753 seconds
  Import took 0.004943 seconds .

========================================================================
Received Prepare
Registering precompiled user dll's ...
Registered in 0.001301 seconds.
Begin MonoManager ReloadAssembly
Native extension for WindowsStandalone target not found
Refreshing native plugins compatible for Editor in 0.34 ms, found 1 plugins.
Preloading 0 native plugins for Editor in 0.00 ms.
Mono: successfully reloaded assembly
- Completed reload, in  0.842 seconds
Platform modules already initialized, skipping
Refreshing native plugins compatible for Editor in 0.64 ms, found 1 plugins.
Preloading 0 native plugins for Editor in 0.00 ms.
Unloading 2107 Unused Serialized files (Serialized files now loaded: 0)
System memory in use before: 98.9 MB.
System memory in use after: 99.0 MB.

Unloading 8 unused Assets to reduce memory usage. Loaded Objects now: 2652.
Total: 3.502200 ms (FindLiveObjects: 0.336400 ms CreateObjectMapping: 0.218700 ms MarkObjects: 2.861800 ms  DeleteObjects: 0.083900 ms)

========================================================================
Received Import Request.
  Time since last request: 331.901409 seconds.
  path: Assets/Scripts/Entity.cs
  artifactKey: Guid(a89b941b42b1dd0448a39e54d63ac3f6) Importer(815301076,1909f56bfc062723c751e8b465ee728b)
Start importing Assets/Scripts/Entity.cs using Guid(a89b941b42b1dd0448a39e54d63ac3f6) Importer(815301076,1909f56bfc062723c751e8b465ee728b)  -> (artifact id: 'a781727a645e87f438a36507f92f49e8') in 0.004289 seconds
  Import took 0.007512 seconds .

========================================================================
Received Prepare
Registering precompiled user dll's ...
Registered in 0.001254 seconds.
Begin MonoManager ReloadAssembly
Native extension for WindowsStandalone target not found
Refreshing native plugins compatible for Editor in 0.46 ms, found 1 plugins.
Preloading 0 native plugins for Editor in 0.00 ms.
Mono: successfully reloaded assembly
- Completed reload, in  0.861 seconds
Platform modules already initialized, skipping
Refreshing native plugins compatible for Editor in 0.43 ms, found 1 plugins.
Preloading 0 native plugins for Editor in 0.00 ms.
Unloading 2107 Unused Serialized files (Serialized files now loaded: 0)
System memory in use before: 98.9 MB.
System memory in use after: 99.0 MB.

Unloading 8 unused Assets to reduce memory usage. Loaded Objects now: 2656.
Total: 2.300500 ms (FindLiveObjects: 0.374300 ms CreateObjectMapping: 0.094800 ms MarkObjects: 1.783000 ms  DeleteObjects: 0.047600 ms)

========================================================================
Received Import Request.
  Time since last request: 60.926286 seconds.
  path: Assets/Scripts/Player/PlayerHealth.cs
  artifactKey: Guid(0cb815fb50bb4c144868ddd4017261af) Importer(815301076,1909f56bfc062723c751e8b465ee728b)
Start importing Assets/Scripts/Player/PlayerHealth.cs using Guid(0cb815fb50bb4c144868ddd4017261af) Importer(815301076,1909f56bfc062723c751e8b465ee728b)  -> (artifact id: '5cb099154f63e237af8ae851c33eaa2a') in 0.006007 seconds
  Import took 0.011646 seconds .

========================================================================
Received Prepare
Registering precompiled user dll's ...
Registered in 0.001309 seconds.
Begin MonoManager ReloadAssembly
Native extension for WindowsStandalone target not found
Refreshing native plugins compatible for Editor in 0.42 ms, found 1 plugins.
Preloading 0 native plugins for Editor in 0.00 ms.
Mono: successfully reloaded assembly
- Completed reload, in  0.896 seconds
Platform modules already initialized, skipping
Refreshing native plugins compatible for Editor in 0.39 ms, found 1 plugins.
Preloading 0 native plugins for Editor in 0.00 ms.
Unloading 2107 Unused Serialized files (Serialized files now loaded: 0)
System memory in use before: 98.9 MB.
System memory in use after: 99.0 MB.

Unloading 8 unused Assets to reduce memory usage. Loaded Objects now: 2660.
Total: 3.422800 ms (FindLiveObjects: 0.470000 ms CreateObjectMapping: 0.203300 ms MarkObjects: 2.657100 ms  DeleteObjects: 0.091300 ms)

========================================================================
Received Prepare
Registering precompiled user dll's ...
Registered in 0.001746 seconds.
Begin MonoManager ReloadAssembly
Native extension for WindowsStandalone target not found
Refreshing native plugins compatible for Editor in 0.41 ms, found 1 plugins.
Preloading 0 native plugins for Editor in 0.00 ms.
Mono: successfully reloaded assembly
- Completed reload, in  0.839 seconds
Platform modules already initialized, skipping
Refreshing native plugins compatible for Editor in 0.43 ms, found 1 plugins.
Preloading 0 native plugins for Editor in 0.00 ms.
Unloading 2107 Unused Serialized files (Serialized files now loaded: 0)
System memory in use before: 98.9 MB.
System memory in use after: 99.0 MB.

Unloading 8 unused Assets to reduce memory usage. Loaded Objects now: 2664.
Total: 2.355100 ms (FindLiveObjects: 0.323300 ms CreateObjectMapping: 0.111100 ms MarkObjects: 1.829700 ms  DeleteObjects: 0.090100 ms)

========================================================================
Received Prepare
Registering precompiled user dll's ...
Registered in 0.000954 seconds.
Begin MonoManager ReloadAssembly
Native extension for WindowsStandalone target not found
Refreshing native plugins compatible for Editor in 0.35 ms, found 1 plugins.
Preloading 0 native plugins for Editor in 0.00 ms.
Mono: successfully reloaded assembly
- Completed reload, in  0.862 seconds
Platform modules already initialized, skipping
Refreshing native plugins compatible for Editor in 0.45 ms, found 1 plugins.
Preloading 0 native plugins for Editor in 0.00 ms.
Unloading 2107 Unused Serialized files (Serialized files now loaded: 0)
System memory in use before: 98.9 MB.
System memory in use after: 99.0 MB.

Unloading 8 unused Assets to reduce memory usage. Loaded Objects now: 2668.
Total: 2.853900 ms (FindLiveObjects: 0.231300 ms CreateObjectMapping: 0.110300 ms MarkObjects: 2.448800 ms  DeleteObjects: 0.062300 ms)

========================================================================
Received Prepare
Registering precompiled user dll's ...
Registered in 0.001122 seconds.
Begin MonoManager ReloadAssembly
Native extension for WindowsStandalone target not found
Refreshing native plugins compatible for Editor in 0.38 ms, found 1 plugins.
Preloading 0 native plugins for Editor in 0.00 ms.
Mono: successfully reloaded assembly
- Completed reload, in  0.923 seconds
Platform modules already initialized, skipping
Refreshing native plugins compatible for Editor in 0.65 ms, found 1 plugins.
Preloading 0 native plugins for Editor in 0.00 ms.
Unloading 2107 Unused Serialized files (Serialized files now loaded: 0)
System memory in use before: 98.9 MB.
System memory in use after: 99.0 MB.

Unloading 8 unused Assets to reduce memory usage. Loaded Objects now: 2672.
Total: 2.359300 ms (FindLiveObjects: 0.350700 ms CreateObjectMapping: 0.102800 ms MarkObjects: 1.832800 ms  DeleteObjects: 0.071800 ms)

========================================================================
Received Prepare
Registering precompiled user dll's ...
Registered in 0.001180 seconds.
Begin MonoManager ReloadAssembly
Native extension for WindowsStandalone target not found
Refreshing native plugins compatible for Editor in 0.51 ms, found 1 plugins.
Preloading 0 native plugins for Editor in 0.00 ms.
Mono: successfully reloaded assembly
- Completed reload, in  0.987 seconds
Platform modules already initialized, skipping
Refreshing native plugins compatible for Editor in 0.36 ms, found 1 plugins.
Preloading 0 native plugins for Editor in 0.00 ms.
Unloading 2107 Unused Serialized files (Serialized files now loaded: 0)
System memory in use before: 98.9 MB.
System memory in use after: 99.0 MB.

Unloading 8 unused Assets to reduce memory usage. Loaded Objects now: 2676.
Total: 2.107900 ms (FindLiveObjects: 0.310600 ms CreateObjectMapping: 0.090500 ms MarkObjects: 1.652300 ms  DeleteObjects: 0.053600 ms)

========================================================================
Received Prepare
Registering precompiled user dll's ...
Registered in 0.001361 seconds.
Begin MonoManager ReloadAssembly
Native extension for WindowsStandalone target not found
Refreshing native plugins compatible for Editor in 0.37 ms, found 1 plugins.
Preloading 0 native plugins for Editor in 0.00 ms.
Mono: successfully reloaded assembly
- Completed reload, in  0.906 seconds
Platform modules already initialized, skipping
Refreshing native plugins compatible for Editor in 0.44 ms, found 1 plugins.
Preloading 0 native plugins for Editor in 0.00 ms.
Unloading 2107 Unused Serialized files (Serialized files now loaded: 0)
System memory in use before: 98.9 MB.
System memory in use after: 99.0 MB.

Unloading 8 unused Assets to reduce memory usage. Loaded Objects now: 2680.
Total: 2.575300 ms (FindLiveObjects: 0.251900 ms CreateObjectMapping: 0.129200 ms MarkObjects: 2.120000 ms  DeleteObjects: 0.072900 ms)

========================================================================
Received Prepare
Registering precompiled user dll's ...
Registered in 0.001168 seconds.
Begin MonoManager ReloadAssembly
Native extension for WindowsStandalone target not found
Refreshing native plugins compatible for Editor in 0.35 ms, found 1 plugins.
Preloading 0 native plugins for Editor in 0.00 ms.
Mono: successfully reloaded assembly
- Completed reload, in  0.859 seconds
Platform modules already initialized, skipping
Refreshing native plugins compatible for Editor in 0.39 ms, found 1 plugins.
Preloading 0 native plugins for Editor in 0.00 ms.
Unloading 2107 Unused Serialized files (Serialized files now loaded: 0)
System memory in use before: 98.9 MB.
System memory in use after: 99.0 MB.

Unloading 8 unused Assets to reduce memory usage. Loaded Objects now: 2684.
Total: 2.297300 ms (FindLiveObjects: 0.266900 ms CreateObjectMapping: 0.107300 ms MarkObjects: 1.869900 ms  DeleteObjects: 0.052200 ms)

========================================================================
Received Prepare
Registering precompiled user dll's ...
Registered in 0.001052 seconds.
Begin MonoManager ReloadAssembly
Native extension for WindowsStandalone target not found
Refreshing native plugins compatible for Editor in 0.40 ms, found 1 plugins.
Preloading 0 native plugins for Editor in 0.00 ms.
Mono: successfully reloaded assembly
- Completed reload, in  0.878 seconds
Platform modules already initialized, skipping
Refreshing native plugins compatible for Editor in 0.40 ms, found 1 plugins.
Preloading 0 native plugins for Editor in 0.00 ms.
Unloading 2107 Unused Serialized files (Serialized files now loaded: 0)
System memory in use before: 98.9 MB.
System memory in use after: 99.0 MB.

Unloading 8 unused Assets to reduce memory usage. Loaded Objects now: 2688.
Total: 2.223500 ms (FindLiveObjects: 0.236300 ms CreateObjectMapping: 0.109300 ms MarkObjects: 1.821600 ms  DeleteObjects: 0.055000 ms)

========================================================================
Received Prepare
Registering precompiled user dll's ...
Registered in 0.000991 seconds.
Begin MonoManager ReloadAssembly
Native extension for WindowsStandalone target not found
Refreshing native plugins compatible for Editor in 0.52 ms, found 1 plugins.
Preloading 0 native plugins for Editor in 0.00 ms.
Mono: successfully reloaded assembly
- Completed reload, in  0.861 seconds
Platform modules already initialized, skipping
Refreshing native plugins compatible for Editor in 0.36 ms, found 1 plugins.
Preloading 0 native plugins for Editor in 0.00 ms.
Unloading 2107 Unused Serialized files (Serialized files now loaded: 0)
System memory in use before: 99.0 MB.
System memory in use after: 99.1 MB.

Unloading 8 unused Assets to reduce memory usage. Loaded Objects now: 2692.
Total: 2.139800 ms (FindLiveObjects: 0.304400 ms CreateObjectMapping: 0.157100 ms MarkObjects: 1.601900 ms  DeleteObjects: 0.075600 ms)

========================================================================
Received Prepare
Registering precompiled user dll's ...
Registered in 0.000918 seconds.
Begin MonoManager ReloadAssembly
Native extension for WindowsStandalone target not found
Refreshing native plugins compatible for Editor in 0.35 ms, found 1 plugins.
Preloading 0 native plugins for Editor in 0.00 ms.
Mono: successfully reloaded assembly
- Completed reload, in  0.835 seconds
Platform modules already initialized, skipping
Refreshing native plugins compatible for Editor in 0.47 ms, found 1 plugins.
Preloading 0 native plugins for Editor in 0.00 ms.
Unloading 2107 Unused Serialized files (Serialized files now loaded: 0)
System memory in use before: 99.0 MB.
System memory in use after: 99.1 MB.

Unloading 8 unused Assets to reduce memory usage. Loaded Objects now: 2696.
Total: 2.070300 ms (FindLiveObjects: 0.311900 ms CreateObjectMapping: 0.118200 ms MarkObjects: 1.588500 ms  DeleteObjects: 0.050700 ms)

========================================================================
Received Prepare
Registering precompiled user dll's ...
Registered in 0.000908 seconds.
Begin MonoManager ReloadAssembly
Native extension for WindowsStandalone target not found
Refreshing native plugins compatible for Editor in 0.35 ms, found 1 plugins.
Preloading 0 native plugins for Editor in 0.00 ms.
Mono: successfully reloaded assembly
- Completed reload, in  0.853 seconds
Platform modules already initialized, skipping
Refreshing native plugins compatible for Editor in 0.40 ms, found 1 plugins.
Preloading 0 native plugins for Editor in 0.00 ms.
Unloading 2107 Unused Serialized files (Serialized files now loaded: 0)
System memory in use before: 99.0 MB.
System memory in use after: 99.1 MB.

Unloading 8 unused Assets to reduce memory usage. Loaded Objects now: 2700.
Total: 2.049200 ms (FindLiveObjects: 0.224100 ms CreateObjectMapping: 0.104400 ms MarkObjects: 1.663700 ms  DeleteObjects: 0.056100 ms)

========================================================================
Received Prepare
Registering precompiled user dll's ...
Registered in 0.001074 seconds.
Begin MonoManager ReloadAssembly
Native extension for WindowsStandalone target not found
Refreshing native plugins compatible for Editor in 0.40 ms, found 1 plugins.
Preloading 0 native plugins for Editor in 0.00 ms.
Mono: successfully reloaded assembly
- Completed reload, in  0.837 seconds
Platform modules already initialized, skipping
Refreshing native plugins compatible for Editor in 0.37 ms, found 1 plugins.
Preloading 0 native plugins for Editor in 0.00 ms.
Unloading 2107 Unused Serialized files (Serialized files now loaded: 0)
System memory in use before: 99.0 MB.
System memory in use after: 99.1 MB.

Unloading 8 unused Assets to reduce memory usage. Loaded Objects now: 2704.
Total: 1.971300 ms (FindLiveObjects: 0.209300 ms CreateObjectMapping: 0.093600 ms MarkObjects: 1.621500 ms  DeleteObjects: 0.045700 ms)

========================================================================
Received Prepare
Registering precompiled user dll's ...
Registered in 0.000887 seconds.
Begin MonoManager ReloadAssembly
Native extension for WindowsStandalone target not found
Refreshing native plugins compatible for Editor in 0.60 ms, found 1 plugins.
Preloading 0 native plugins for Editor in 0.00 ms.
Mono: successfully reloaded assembly
- Completed reload, in  0.910 seconds
Platform modules already initialized, skipping
Refreshing native plugins compatible for Editor in 0.54 ms, found 1 plugins.
Preloading 0 native plugins for Editor in 0.00 ms.
Unloading 2107 Unused Serialized files (Serialized files now loaded: 0)
System memory in use before: 99.0 MB.
System memory in use after: 99.1 MB.

Unloading 8 unused Assets to reduce memory usage. Loaded Objects now: 2708.
Total: 2.824700 ms (FindLiveObjects: 0.317100 ms CreateObjectMapping: 0.122900 ms MarkObjects: 2.323400 ms  DeleteObjects: 0.060000 ms)

========================================================================
Received Prepare
Registering precompiled user dll's ...
Registered in 0.001123 seconds.
Begin MonoManager ReloadAssembly
Native extension for WindowsStandalone target not found
Refreshing native plugins compatible for Editor in 0.36 ms, found 1 plugins.
Preloading 0 native plugins for Editor in 0.00 ms.
Mono: successfully reloaded assembly
- Completed reload, in  0.857 seconds
Platform modules already initialized, skipping
Refreshing native plugins compatible for Editor in 0.39 ms, found 1 plugins.
Preloading 0 native plugins for Editor in 0.00 ms.
Unloading 2107 Unused Serialized files (Serialized files now loaded: 0)
System memory in use before: 99.0 MB.
System memory in use after: 99.1 MB.

Unloading 8 unused Assets to reduce memory usage. Loaded Objects now: 2712.
Total: 3.778900 ms (FindLiveObjects: 0.518900 ms CreateObjectMapping: 0.284900 ms MarkObjects: 2.923000 ms  DeleteObjects: 0.049700 ms)

========================================================================
Received Prepare
Registering precompiled user dll's ...
Registered in 0.000949 seconds.
Begin MonoManager ReloadAssembly
Native extension for WindowsStandalone target not found
Refreshing native plugins compatible for Editor in 0.35 ms, found 1 plugins.
Preloading 0 native plugins for Editor in 0.00 ms.
Mono: successfully reloaded assembly
- Completed reload, in  0.854 seconds
Platform modules already initialized, skipping
Refreshing native plugins compatible for Editor in 0.71 ms, found 1 plugins.
Preloading 0 native plugins for Editor in 0.00 ms.
Unloading 2107 Unused Serialized files (Serialized files now loaded: 0)
System memory in use before: 99.0 MB.
System memory in use after: 99.1 MB.

Unloading 8 unused Assets to reduce memory usage. Loaded Objects now: 2716.
Total: 2.633600 ms (FindLiveObjects: 0.372300 ms CreateObjectMapping: 0.111300 ms MarkObjects: 2.028000 ms  DeleteObjects: 0.121000 ms)

========================================================================
Received Prepare
Registering precompiled user dll's ...
Registered in 0.001171 seconds.
Begin MonoManager ReloadAssembly
Native extension for WindowsStandalone target not found
Refreshing native plugins compatible for Editor in 0.39 ms, found 1 plugins.
Preloading 0 native plugins for Editor in 0.00 ms.
Mono: successfully reloaded assembly
- Completed reload, in  0.862 seconds
Platform modules already initialized, skipping
Refreshing native plugins compatible for Editor in 0.39 ms, found 1 plugins.
Preloading 0 native plugins for Editor in 0.00 ms.
Unloading 2107 Unused Serialized files (Serialized files now loaded: 0)
System memory in use before: 99.1 MB.
System memory in use after: 99.2 MB.

Unloading 8 unused Assets to reduce memory usage. Loaded Objects now: 2720.
Total: 2.940200 ms (FindLiveObjects: 0.636600 ms CreateObjectMapping: 0.254700 ms MarkObjects: 1.967000 ms  DeleteObjects: 0.081100 ms)

========================================================================
Received Prepare
Registering precompiled user dll's ...
Registered in 0.001027 seconds.
Begin MonoManager ReloadAssembly
Native extension for WindowsStandalone target not found
Refreshing native plugins compatible for Editor in 0.40 ms, found 1 plugins.
Preloading 0 native plugins for Editor in 0.00 ms.
Mono: successfully reloaded assembly
- Completed reload, in  0.918 seconds
Platform modules already initialized, skipping
Refreshing native plugins compatible for Editor in 0.45 ms, found 1 plugins.
Preloading 0 native plugins for Editor in 0.00 ms.
Unloading 2107 Unused Serialized files (Serialized files now loaded: 0)
System memory in use before: 99.1 MB.
System memory in use after: 99.2 MB.

Unloading 8 unused Assets to reduce memory usage. Loaded Objects now: 2724.
Total: 2.429000 ms (FindLiveObjects: 0.430300 ms CreateObjectMapping: 0.120800 ms MarkObjects: 1.800500 ms  DeleteObjects: 0.076300 ms)

========================================================================
Received Prepare
Registering precompiled user dll's ...
Registered in 0.000945 seconds.
Begin MonoManager ReloadAssembly
Native extension for WindowsStandalone target not found
Refreshing native plugins compatible for Editor in 0.39 ms, found 1 plugins.
Preloading 0 native plugins for Editor in 0.00 ms.
Mono: successfully reloaded assembly
- Completed reload, in  0.848 seconds
Platform modules already initialized, skipping
Refreshing native plugins compatible for Editor in 0.49 ms, found 1 plugins.
Preloading 0 native plugins for Editor in 0.00 ms.
Unloading 2107 Unused Serialized files (Serialized files now loaded: 0)
System memory in use before: 99.1 MB.
System memory in use after: 99.3 MB.

Unloading 8 unused Assets to reduce memory usage. Loaded Objects now: 2728.
Total: 5.015300 ms (FindLiveObjects: 0.582700 ms CreateObjectMapping: 0.321000 ms MarkObjects: 4.007700 ms  DeleteObjects: 0.101100 ms)

========================================================================
Received Prepare
Registering precompiled user dll's ...
Registered in 0.001041 seconds.
Begin MonoManager ReloadAssembly
Native extension for WindowsStandalone target not found
Refreshing native plugins compatible for Editor in 0.46 ms, found 1 plugins.
Preloading 0 native plugins for Editor in 0.00 ms.
Mono: successfully reloaded assembly
- Completed reload, in  0.804 seconds
Platform modules already initialized, skipping
Refreshing native plugins compatible for Editor in 0.40 ms, found 1 plugins.
Preloading 0 native plugins for Editor in 0.00 ms.
Unloading 2107 Unused Serialized files (Serialized files now loaded: 0)
System memory in use before: 99.2 MB.
System memory in use after: 99.3 MB.

Unloading 8 unused Assets to reduce memory usage. Loaded Objects now: 2732.
Total: 2.433800 ms (FindLiveObjects: 0.293700 ms CreateObjectMapping: 0.093600 ms MarkObjects: 1.997200 ms  DeleteObjects: 0.048400 ms)

